            --------------------------------------------------------
                             AMBER SQM VERSION 19
 
                                     By
              Ross C. Walker, Michael F. Crowley, Scott Brozell,
                         Tim Giese, Andreas W. Goetz,
                        Tai-Sung Lee and David A. Case
 
            --------------------------------------------------------
 

--------------------------------------------------------------------------------
  QM CALCULATION INFO
--------------------------------------------------------------------------------

| QMMM: Citation for AMBER QMMM Run:
| QMMM: R.C. Walker, M.F. Crowley and D.A. Case, J. COMP. CHEM. 29:1019, 2008

QMMM: SINGLET STATE CALCULATION
QMMM: RHF CALCULATION, NO. OF DOUBLY OCCUPIED LEVELS = 89

| QMMM: *** Selected Hamiltonian *** 
| QMMM: AM1         

| QMMM: *** Parameter sets in use ***
| QMMM: C : M.J.S.DEWAR et al. JACS, 107, 3902, (1985)
| QMMM: O : M.J.S.DEWAR et al. JACS, 107, 3902, (1985)
| QMMM: N : M.J.S.DEWAR et al. JACS, 107, 3902, (1985)
| QMMM: H : M.J.S.DEWAR et al. JACS, 107, 3902, (1985)

| QMMM: *** SCF convergence criteria ***
| QMMM: Energy change                :  0.1D-09 kcal/mol
| QMMM: Error matrix |FP-PF|         :  0.1D+00 au
| QMMM: Density matrix change        :  0.5D-06
| QMMM: Maximum number of SCF cycles :     1000

| QMMM: *** Diagonalization Routine Information ***
| QMMM: Pseudo diagonalizations are allowed.
| QMMM: Auto diagonalization routine selection is in use.
| QMMM:
| QMMM: Timing diagonalization routines:
| QMMM:                              norbs =      169
| QMMM:    diag iterations used for timing =        5
| QMMM:
| QMMM:              Internal diag routine = 0.041648 seconds
| QMMM:                 Dspev diag routine = 0.046323 seconds
| QMMM:                Dspevd diag routine = 0.023836 seconds
| QMMM:                Dspevx diag routine = 0.093915 seconds
| QMMM:                 Dsyev diag routine = 0.027731 seconds
| QMMM:                Dsyevd diag routine = 0.009120 seconds
| QMMM:                Dsyevr diag routine = 0.013817 seconds
| QMMM:
| QMMM:                Pseudo diag routine = 0.013258 seconds
| QMMM: Pseudo diagonalization appears to be slower than regular
| QMMM: diagonalization. Setting pseudo_diag=0 for optimum performance.
| QMMM:
| QMMM: Using dsyevd routine (diag_routine=6).

  QMMM: QM Region Cartesian Coordinates (*=link atom) 
  QMMM: QM_NO.   MM_NO.  ATOM         X         Y         Z
  QMMM:     1        1      C        2.3600   10.6210   15.5130
  QMMM:     2        2      C        6.0970   10.0740   16.3860
  QMMM:     3        3      C        6.4370    8.6900   16.2580
  QMMM:     4        4      C        4.9160   11.7070   14.8380
  QMMM:     5        5      C        3.7310   12.2490   14.2720
  QMMM:     6        6      C        6.9200    5.7870   16.8350
  QMMM:     7        7      C        6.7200    5.2070   15.4380
  QMMM:     8        8      C        7.5930    8.1560   16.9270
  QMMM:     9        9      C        8.4080    9.0190   17.7190
  QMMM:    10       10      C        8.0780   10.4000   17.8420
  QMMM:    11       11      C        6.9260   10.9280   17.1780
  QMMM:    12       12      C        3.3590    6.9490   14.4400
  QMMM:    13       13      C        2.5280    5.5810   18.2210
  QMMM:    14       14      C        3.0490    6.9750   17.9580
  QMMM:    15       15      C        2.8930    7.7040   16.8070
  QMMM:    16       16      C        2.2770    7.1780   15.5020
  QMMM:    17       17      C        2.9070    3.2440   18.9290
  QMMM:    18       18      C        4.1060    6.6740   22.5750
  QMMM:    19       19      C        4.3410    7.5550   20.2760
  QMMM:    20       20      C        1.1270    5.2900   18.0640
  QMMM:    21       21      C        2.4560   11.7100   14.6080
  QMMM:    22       22      C        5.6860    7.9410   20.5700
  QMMM:    23       23      C        3.5450   10.0610   16.0900
  QMMM:    24       24      C        4.8400   10.6120   15.7530
  QMMM:    25       25      O        7.2750    5.7190   14.4680
  QMMM:    26       26      O        5.9360    4.1630   15.2630
  QMMM:    27       27      O        7.9380    6.8180   16.8020
  QMMM:    28       28      C        3.4130    4.5430   18.6550
  QMMM:    29       29      N        3.4580    8.9580   16.9990
  QMMM:    30       30      N        3.9960    9.0000   18.3230
  QMMM:    31       31      C        3.7940    7.8620   18.9220
  QMMM:    32       32      C        3.5500    6.9180   21.2880
  QMMM:    33       33      C        5.4470    7.0620   22.8580
  QMMM:    34       34      C        6.2380    7.6950   21.8610
  QMMM:    35       35      C        1.5210    2.9690   18.7680
  QMMM:    36       36      C        0.6320    3.9900   18.3350
  QMMM:    37       37      H        1.3920   10.2140   15.7670
  QMMM:    38       38      H        5.8210    8.0410   15.6540
  QMMM:    39       39      H        5.8770   12.1240   14.5760
  QMMM:    40       40      H        3.7970   13.0770   13.5810
  QMMM:    41       41      H        5.9820    6.2170   17.1850
  QMMM:    42       42      H        7.2300    4.9940   17.5150
  QMMM:    43       43      H        9.2760    8.6250   18.2260
  QMMM:    44       44      H        8.7000   11.0510   18.4390
  QMMM:    45       45      H        6.6820   11.9760   17.2750
  QMMM:    46       46      H        1.7680    6.2350   15.7020
  QMMM:    47       47      H        1.5550    7.9030   15.1280
  QMMM:    48       48      H        3.5760    2.4640   19.2600
  QMMM:    49       49      H        3.5110    6.1940   23.3380
  QMMM:    50       50      H        0.4500    6.0660   17.7380
  QMMM:    51       51      H        1.5610   12.1310   14.1740
  QMMM:    52       52      H        6.2860    8.4210   19.8110
  QMMM:    53       53      H        4.4670    4.7480   18.7740
  QMMM:    54       54      H        2.5330    6.6240   21.0740
  QMMM:    55       55      H        5.8650    6.8740   23.8360
  QMMM:    56       56      H        7.2540    7.9890   22.0810
  QMMM:    57       57      H        1.1420    1.9790   18.9760
  QMMM:    58       58      H       -0.4190    3.7750   18.2130
  QMMM:    59       59      H        2.8980    6.5770   13.5250
  QMMM:    60       60      H        3.8690    7.8900   14.2330
  QMMM:    61       61      H        4.0800    6.2180   14.8070

--------------------------------------------------------------------------------
  RESULTS
--------------------------------------------------------------------------------

      iter         sqm energy              rms gradient
      ----    -------------------    -----------------------
xmin    10       26.7588 kcal/mol        0.6744 kcal/(mol*A)
xmin    20       24.8731 kcal/mol        0.7778 kcal/(mol*A)
xmin    30       24.0847 kcal/mol        1.0341 kcal/(mol*A)
xmin    40       22.9642 kcal/mol        0.7900 kcal/(mol*A)
xmin    50       22.1816 kcal/mol        1.2056 kcal/(mol*A)
xmin    60       22.0126 kcal/mol        0.0758 kcal/(mol*A)
xmin    70       22.0005 kcal/mol        0.0544 kcal/(mol*A)
xmin    80       21.9989 kcal/mol        0.0629 kcal/(mol*A)
xmin    90       21.9971 kcal/mol        0.0078 kcal/(mol*A)
xmin   100       21.9967 kcal/mol        0.0045 kcal/(mol*A)
xmin   110       21.9966 kcal/mol        0.0020 kcal/(mol*A)
xmin   120       21.9966 kcal/mol        0.0008 kcal/(mol*A)
  ... geometry converged !
 
 Final MO eigenvalues (eV):
 -39.4706  -37.8855  -37.0945  -36.8399  -36.5709  -34.8998  -33.2157  -32.3530
 -32.1191  -30.9201  -29.7644  -29.6460  -29.6233  -29.1935  -28.7851  -27.9818
 -27.4490  -26.4771  -26.2683  -24.3878  -22.6500  -22.1443  -21.7360  -21.1696
 -20.8745  -20.5196  -20.4520  -19.8103  -19.3186  -18.1296  -17.7218  -16.6066
 -15.8247  -15.4631  -15.2211  -14.8990  -14.4980  -14.3199  -14.0305  -13.9215
 -13.6687  -13.6019  -13.3986  -13.1334  -12.9030  -12.7384  -12.6514  -12.4736
 -12.3058  -12.2470  -12.0040  -11.9253  -11.8146  -11.5679  -11.5441  -11.4544
 -11.2928  -11.2220  -10.8241  -10.7651  -10.6147  -10.5183  -10.3843  -10.3362
 -10.1497   -9.9945   -9.8927   -9.8290   -9.6152   -9.4899   -9.2978   -9.2551
  -9.1207   -8.8202   -8.7083   -8.3638   -8.1533   -7.8419   -7.6188   -7.5079
  -7.1438   -7.0707   -6.7262   -6.7030   -6.4778   -6.1554   -5.6508   -5.3347
  -4.9398    2.0780    2.2859    2.4713    2.7320    2.8800    3.1129    3.2663
   3.3765    3.4019    3.8626    4.0661    4.7192    5.1593    5.4073    5.5705
   5.7581    5.8149    5.8749    5.9136    6.0369    6.0820    6.1490    6.2031
   6.2311    6.3483    6.3577    6.3738    6.4561    6.4861    6.5014    6.6011
   6.6612    6.7109    6.7595    6.8245    6.8458    6.8825    6.9606    7.0134
   7.0400    7.0780    7.1236    7.1886    7.2563    7.2857    7.3185    7.3342
   7.3530    7.4050    7.4523    7.5101    7.5910    7.6226    7.6832    7.7386
   7.7584    7.7866    7.8040    7.8870    7.9368    7.9591    7.9833    8.0104
   8.0667    8.1650    8.1943    8.2660    8.2941    8.3469    8.3731    8.4216
   8.4329    8.6000    8.6531    8.7705    8.7889    9.3554    9.8380   11.8814
  12.7743

 Heat of formation   =         21.99658462 kcal/mol  (        0.95384349 eV)

 Total SCF energy    =    -131127.43229481 kcal/mol  (    -5686.11215016 eV)
 Electronic energy   =   -1250571.97974538 kcal/mol  (   -54228.87037619 eV)
 Core-core repulsion =    1119444.54745057 kcal/mol  (    48542.75822603 eV)
 
    Atomic Charges for Step       1 :
  Atom    Element       Mulliken Charge
     1      C                 -0.128
     2      C                 -0.031
     3      C                 -0.140
     4      C                 -0.120
     5      C                 -0.133
     6      C                 -0.096
     7      C                  0.307
     8      C                  0.114
     9      C                 -0.176
    10      C                 -0.123
    11      C                 -0.165
    12      C                 -0.234
    13      C                 -0.010
    14      C                 -0.132
    15      C                 -0.018
    16      C                 -0.100
    17      C                 -0.130
    18      C                 -0.142
    19      C                  0.015
    20      C                 -0.131
    21      C                 -0.138
    22      C                 -0.100
    23      C                  0.080
    24      C                  0.014
    25      O                 -0.548
    26      O                 -0.592
    27      O                 -0.212
    28      C                 -0.095
    29      N                 -0.083
    30      N                 -0.058
    31      C                 -0.078
    32      C                 -0.113
    33      C                 -0.139
    34      C                 -0.141
    35      C                 -0.142
    36      C                 -0.157
    37      H                  0.139
    38      H                  0.191
    39      H                  0.142
    40      H                  0.125
    41      H                  0.073
    42      H                  0.096
    43      H                  0.132
    44      H                  0.112
    45      H                  0.117
    46      H                  0.105
    47      H                  0.067
    48      H                  0.139
    49      H                  0.120
    50      H                  0.121
    51      H                  0.125
    52      H                  0.153
    53      H                  0.211
    54      H                  0.140
    55      H                  0.117
    56      H                  0.124
    57      H                  0.114
    58      H                  0.112
    59      H                  0.066
    60      H                  0.076
    61      H                  0.159
 Total Mulliken Charge =      -1.000
 
                  X        Y        Z     TOTAL  
  QM DIPOLE   -29.162  -28.934  -76.744   87.048
 
 Final Structure

  QMMM: QM Region Cartesian Coordinates (*=link atom) 
  QMMM: QM_NO.   MM_NO.  ATOM         X         Y         Z
  QMMM:     1        1      C        2.4876   10.4992   15.5919
  QMMM:     2        2      C        6.1920    9.9760   16.3324
  QMMM:     3        3      C        6.5378    8.6248   16.2599
  QMMM:     4        4      C        4.9724   11.5120   14.8483
  QMMM:     5        5      C        3.8141   12.0342   14.2855
  QMMM:     6        6      C        7.2483    5.8718   16.8176
  QMMM:     7        7      C        6.5012    5.5149   15.5244
  QMMM:     8        8      C        7.7843    8.2040   16.7532
  QMMM:     9        9      C        8.6883    9.1362   17.2964
  QMMM:    10       10      C        8.3296   10.4793   17.3553
  QMMM:    11       11      C        7.0907   10.9035   16.8848
  QMMM:    12       12      C        3.4697    7.0153   14.5027
  QMMM:    13       13      C        2.5725    5.5683   18.2828
  QMMM:    14       14      C        3.0192    6.9287   18.0754
  QMMM:    15       15      C        2.9534    7.6401   16.8599
  QMMM:    16       16      C        2.4076    7.1874   15.5612
  QMMM:    17       17      C        2.8980    3.1875   17.9850
  QMMM:    18       18      C        3.5060    6.7202   22.5997
  QMMM:    19       19      C        4.0341    7.5824   20.3971
  QMMM:    20       20      C        1.3657    5.3063   18.9474
  QMMM:    21       21      C        2.5705   11.5256   14.6585
  QMMM:    22       22      C        5.2955    7.9785   20.8689
  QMMM:    23       23      C        3.6600    9.9543   16.1583
  QMMM:    24       24      C        4.9240   10.4676   15.7865
  QMMM:    25       25      O        6.6872    6.1733   14.4670
  QMMM:    26       26      O        5.6821    4.5508   15.6198
  QMMM:    27       27      O        8.2349    6.9066   16.7126
  QMMM:    28       28      C        3.3339    4.4979   17.7877
  QMMM:    29       29      N        3.5320    8.9016   17.1147
  QMMM:    30       30      N        3.9561    9.0166   18.3819
  QMMM:    31       31      C        3.6683    7.8353   19.0100
  QMMM:    32       32      C        3.1419    6.9531   21.2747
  QMMM:    33       33      C        4.7602    7.1148   23.0633
  QMMM:    34       34      C        5.6525    7.7431   22.1952
  QMMM:    35       35      C        1.7068    2.9322   18.6627
  QMMM:    36       36      C        0.9384    3.9940   19.1391
  QMMM:    37       37      H        1.5003   10.1100   15.8859
  QMMM:    38       38      H        5.8730    7.8852   15.7760
  QMMM:    39       39      H        5.9570   11.9079   14.5536
  QMMM:    40       40      H        3.8789   12.8445   13.5455
  QMMM:    41       41      H        6.5090    6.1299   17.6178
  QMMM:    42       42      H        7.8661    4.9897   17.1373
  QMMM:    43       43      H        9.6659    8.7921   17.6583
  QMMM:    44       44      H        9.0311   11.2107   17.7815
  QMMM:    45       45      H        6.8096   11.9636   16.9471
  QMMM:    46       46      H        1.8944    6.2019   15.7372
  QMMM:    47       47      H        1.6300    7.9188   15.2073
  QMMM:    48       48      H        3.5026    2.3569   17.5907
  QMMM:    49       49      H        2.8006    6.2203   23.2784
  QMMM:    50       50      H        0.7481    6.1417   19.3085
  QMMM:    51       51      H        1.6508   11.9354   14.2171
  QMMM:    52       52      H        6.0056    8.4713   20.1866
  QMMM:    53       53      H        4.2699    4.6875   17.2175
  QMMM:    54       54      H        2.1547    6.6317   20.9098
  QMMM:    55       55      H        5.0459    6.9280   24.1077
  QMMM:    56       56      H        6.6446    8.0518   22.5548
  QMMM:    57       57      H        1.3697    1.8977   18.8162
  QMMM:    58       58      H       -0.0070    3.7978   19.6634
  QMMM:    59       59      H        2.9950    6.6815   13.5489
  QMMM:    60       60      H        4.0060    7.9768   14.3153
  QMMM:    61       61      H        4.2320    6.2459   14.8045

           --------- Calculation Completed ----------

