
          -------------------------------------------------------
          Amber 20 SANDER                              2020
          -------------------------------------------------------

| Run on 06/04/2020 at 12:08:46

|   Executable path: sander.MPI
| Working directory: /fs3/d118/d118/llabres2/files_ambertools4cp2k
|          Hostname: mom1

  [-O]verwriting output

File Assignments:
|  MDIN: sander_heat.in                                                        
| MDOUT: heat_classical.out                                                    
|INPCRD: system.min.rst7                                                       
|  PARM: system.parm7                                                          
|RESTRT: system.heat.rst7                                                      
|  REFC: refc                                                                  
| MDVEL: mdvel                                                                 
| MDFRC: mdfrc                                                                 
|  MDEN: mden                                                                  
| MDCRD: system.heat.nc                                                        
|MDINFO: mdinfo                                                                
|  MTMD: mtmd                                                                  
|INPDIP: inpdip                                                                
|RSTDIP: rstdip                                                                
|INPTRA: inptraj                                                               

|    REMLOG: rem.log
|   REMTYPE: rem.type
|  REMSTRIP: 
|   SAVEENE: saveene
|CLUSTERINF: cluster.info
| RESERVOIR: reserv/frame
|   REMDDIM: 


 Here is the input file:

Heat                                                                           
 &cntrl                                                                        
  imin=0,                   ! Run molecular dynamics.                          
  ntx=1,                    ! Initial file contains coordinates, but no velocities.
  irest=0,                  ! Do not restart the simulation                    
  nstlim=15000,             ! Number of MD-steps to be performed.              
  dt=0.002,                 ! Time step (ps)                                   
  ntf=2, ntc=2,             ! Constrain lengths of bonds having hydrogen atoms (SHAKE)
  tempi=0.0, temp0=298.0,   ! Initial and final temperature                    
  ntpr=500, ntwx=500,       ! Output options                                   
  cut=8.0,                  ! non-bond cut off                                 
  ntb=1,                    ! Periodic conditiond at constant volume           
  ntp=0,                    ! No pressure scaling                              
  ntt=3, gamma_ln=2.0,      ! Temperature scaling using Langevin dynamics with the collision frequency in gamma_ln (ps−1)
  ig=-1,                    ! seed for the pseudo-random number generator will be based on the current date and time.
  nmropt=1,                 ! NMR options to give the temperature ramp.        
 /                                                                             
&wt type='TEMP0', istep1=0,     istep2=12000, value1=0.0,   value2=298.0 /     
&wt type='TEMP0', istep1=12001, istep2=15000, value1=298.0, value2=298.0 /     
&wt type='END' /                                                               

--------------------------------------------------------------------------------
   1.  RESOURCE   USE: 
--------------------------------------------------------------------------------

| Flags: MPI                                                                    
 getting box info from netcdf restart file
| NetCDF restart box info found
|Largest sphere to fit in unit cell has radius =    40.181
| New format PARM file being parsed.
| Version =    1.000 Date = 06/04/20 Time = 11:54:53
 NATOM  =   42310 NTYPES =      26 NBONH =   40814 MBONA  =    1531
 NTHETH =    3287 MTHETA =    2076 NPHIH =    6783 MPHIA  =    6611
 NHPARM =       0 NPARM  =       0 NNB   =   68696 NRES   =   13317
 NBONA  =    1531 NTHETA =    2076 NPHIA =    6611 NUMBND =      76
 NUMANG =     166 NPTRA  =     209 NATYP =      46 NPHB   =       1
 IFBOX  =       1 NMXRS  =      34 IFCAP =       0 NEXTRA =       0
 NCOPY  =       0


|     Memory Use     Allocated
|     Real             3507707
|     Hollerith         140249
|     Integer          1622662
|     Max Pairs         391759
|     nblistReal        507720
|     nblist Int       1795725
|       Total            46801 kbytes

| Note: 1-4 EEL scale factors are being read from the topology file.

| Note: 1-4 VDW scale factors are being read from the topology file.
| Duplicated    0 dihedrals
| Duplicated    0 dihedrals

     BOX TYPE: RECTILINEAR
Note: ig = -1. Setting random seed to   798564 based on wallclock time in microseconds
      and disabling the synchronization of random numbers between tasks
      to improve performance.

--------------------------------------------------------------------------------
   2.  CONTROL  DATA  FOR  THE  RUN
--------------------------------------------------------------------------------

GWS                                                                             

General flags:
     imin    =       0, nmropt  =       1

Nature and format of input:
     ntx     =       1, irest   =       0, ntrx    =       1

Nature and format of output:
     ntxo    =       2, ntpr    =     500, ntrx    =       1, ntwr    =   15000
     iwrap   =       0, ntwx    =     500, ntwv    =       0, ntwe    =       0
     ioutfm  =       1, ntwprt  =       0, idecomp =       0, rbornstat=      0

Potential function:
     ntf     =       2, ntb     =       1, igb     =       0, nsnb    =      25
     ipol    =       0, gbsa    =       0, iesp    =       0
     dielc   =   1.00000, cut     =   8.00000, intdiel =   1.00000

Frozen or restrained atoms:
     ibelly  =       0, ntr     =       0

Molecular dynamics:
     nstlim  =     15000, nscm    =      1000, nrespa  =         1
     t       =   0.00000, dt      =   0.00200, vlimit  =  20.00000

Langevin dynamics temperature regulation:
     ig      =  798564
     temp0   = 298.00000, tempi   =   0.00000, gamma_ln=   2.00000

SHAKE:
     ntc     =       2, jfastw  =       0
     tol     =   0.00001

NMR refinement options:
     iscale  =       0, noeskp  =       1, ipnlty  =       1, mxsub   =       1
     scalm   = 100.00000, pencut  =   0.10000, tausw   =   0.10000

Ewald parameters:
     verbose =       0, ew_type =       0, nbflag  =       1, use_pme =       1
     vdwmeth =       1, eedmeth =       1, netfrc  =       1
     Box X =   80.361   Box Y =   80.729   Box Z =   80.740
     Alpha =   90.000   Beta  =   90.000   Gamma =   90.000
     NFFT1 =   80       NFFT2 =   80       NFFT3 =   80
     Cutoff=    8.000   Tol   =0.100E-04
     Ewald Coefficient =  0.34864
     Interpolation order =    4

| MPI Timing options:
|      profile_mpi =        0
|  INFO: Old style inpcrd file read


--------------------------------------------------------------------------------
   3.  ATOMIC COORDINATES AND VELOCITIES
--------------------------------------------------------------------------------

GWS                                                                             
 begin time read from input coords =     0.000 ps



           Begin reading energy term weight changes/NMR restraints
 WEIGHT CHANGES:
 TEMP0         0  12000    0.000000  298.000000      0      0
 TEMP0     12001  15000  298.000000  298.000000      0      0

 RESTRAINTS:
                          ** No restraint defined **

                  Done reading weight changes/NMR restraints


 Number of triangulated 3-point waters found:    13121
|  Atom division among processors:
|         0     902    1773    2659    3526    4405    5287    6169
|      7048    7930    8812    9691   10573   11455   12334   13216
|     14098   14977   15859   16741   17620   18502   19384   20263
|     21145   22027   22906   23788   24670   25549   26431   27313
|     28192   29074   29956   30835   31717   32599   33478   34360
|     35242   36121   37003   37885   38764   39646   40528   41407
|     42310

     Sum of charges from parm topology file =  -0.00000011
     Forcing neutrality...
|  Running AMBER/MPI version on   48 nodes

|  WARNING: The number of processors is not a power of 2
|           this may be inefficient on some systems.

--------------------------------------------------------------------------------
   4.  RESULTS
--------------------------------------------------------------------------------

|  # of SOLUTE  degrees of freedom (RNDFP):   86116.
|  # of SOLVENT degrees of freedom (RNDFS):       0.
|  NDFMIN =   86116.     NUM_NOSHAKE =      0     CORRECTED RNDFP =   86116.
|  TOTAL # of degrees of freedom (RNDF) =   86116.
 ---------------------------------------------------
 APPROXIMATING switch and d/dx switch using CUBIC SPLINE INTERPOLATION
 using   5000.0 points per unit in tabled values
 TESTING RELATIVE ERROR over r ranging from 0.0 to cutoff
| CHECK switch(x): max rel err =   0.2738E-14   at   2.422500
| CHECK d/dx switch(x): max rel err =   0.8332E-11   at   2.782960
 ---------------------------------------------------
| Local SIZE OF NONBOND LIST =     153248
| TOTAL SIZE OF NONBOND LIST =    7664033

 NSTEP =        0   TIME(PS) =       0.000  TEMP(K) =     0.00  PRESS =     0.0
 Etot   =   -183522.8258  EKtot   =         0.0000  EPtot      =   -183522.8258
 BOND   =        91.1841  ANGLE   =       412.0010  DIHED      =      2157.5043
 1-4 NB =       587.3195  1-4 EEL =      8150.8146  VDWAALS    =     34829.2930
 EELEC  =   -229750.9423  EHBOND  =         0.0000  RESTRAINT  =         0.0000
 Ewald error estimate:   0.1126E-03
 ------------------------------------------------------------------------------

 NMR restraints: Bond =    0.000   Angle =     0.000   Torsion =     0.000
===============================================================================

 NSTEP =      500   TIME(PS) =       1.000  TEMP(K) =    11.36  PRESS =     0.0
 Etot   =   -157411.4965  EKtot   =       972.3256  EPtot      =   -158383.8221
 BOND   =       100.9729  ANGLE   =       434.7600  DIHED      =      2161.5767
 1-4 NB =       593.8023  1-4 EEL =      8141.7668  VDWAALS    =     28569.5093
 EELEC  =   -198386.2101  EHBOND  =         0.0000  RESTRAINT  =         0.0000
 Ewald error estimate:   0.2539E-03
 ------------------------------------------------------------------------------

 NMR restraints: Bond =    0.000   Angle =     0.000   Torsion =     0.000
===============================================================================

 NSTEP =     1000   TIME(PS) =       2.000  TEMP(K) =    21.25  PRESS =     0.0
 Etot   =   -156537.5859  EKtot   =      1818.4531  EPtot      =   -158356.0390
 BOND   =       117.8813  ANGLE   =       477.1812  DIHED      =      2192.8626
 1-4 NB =       601.5105  1-4 EEL =      8146.4959  VDWAALS    =     28989.3306
 EELEC  =   -198881.3012  EHBOND  =         0.0000  RESTRAINT  =         0.0000
 Ewald error estimate:   0.2599E-03
 ------------------------------------------------------------------------------

 NMR restraints: Bond =    0.000   Angle =     0.000   Torsion =     0.000
===============================================================================

 NSTEP =     1500   TIME(PS) =       3.000  TEMP(K) =    32.51  PRESS =     0.0
 Etot   =   -155146.7904  EKtot   =      2781.4622  EPtot      =   -157928.2527
 BOND   =       142.9810  ANGLE   =       523.4113  DIHED      =      2207.1991
 1-4 NB =       608.1828  1-4 EEL =      8136.5779  VDWAALS    =     28961.9701
 EELEC  =   -198508.5749  EHBOND  =         0.0000  RESTRAINT  =         0.0000
 Ewald error estimate:   0.3414E-03
 ------------------------------------------------------------------------------

 NMR restraints: Bond =    0.000   Angle =     0.000   Torsion =     0.000
===============================================================================

 NSTEP =     2000   TIME(PS) =       4.000  TEMP(K) =    44.37  PRESS =     0.0
 Etot   =   -153471.7349  EKtot   =      3796.4162  EPtot      =   -157268.1511
 BOND   =       150.7893  ANGLE   =       562.7865  DIHED      =      2217.7229
 1-4 NB =       607.8415  1-4 EEL =      8176.3431  VDWAALS    =     28775.2717
 EELEC  =   -197758.9060  EHBOND  =         0.0000  RESTRAINT  =         0.0000
 Ewald error estimate:   0.2549E-03
 ------------------------------------------------------------------------------

 NMR restraints: Bond =    0.000   Angle =     0.000   Torsion =     0.000
===============================================================================

 NSTEP =     2500   TIME(PS) =       5.000  TEMP(K) =    56.48  PRESS =     0.0
 Etot   =   -151665.9606  EKtot   =      4832.6415  EPtot      =   -156498.6020
 BOND   =       170.8061  ANGLE   =       613.5951  DIHED      =      2219.8863
 1-4 NB =       615.2768  1-4 EEL =      8163.7744  VDWAALS    =     28561.4719
 EELEC  =   -196843.4126  EHBOND  =         0.0000  RESTRAINT  =         0.0000
 Ewald error estimate:   0.3634E-03
 ------------------------------------------------------------------------------

 NMR restraints: Bond =    0.000   Angle =     0.000   Torsion =     0.000
===============================================================================

 NSTEP =     3000   TIME(PS) =       6.000  TEMP(K) =    68.91  PRESS =     0.0
 Etot   =   -149825.2711  EKtot   =      5896.2593  EPtot      =   -155721.5304
 BOND   =       188.8857  ANGLE   =       663.9305  DIHED      =      2236.4025
 1-4 NB =       613.6365  1-4 EEL =      8158.4067  VDWAALS    =     28043.4758
 EELEC  =   -195626.2681  EHBOND  =         0.0000  RESTRAINT  =         0.0000
 Ewald error estimate:   0.3361E-03
 ------------------------------------------------------------------------------

 NMR restraints: Bond =    0.000   Angle =     0.000   Torsion =     0.000
===============================================================================

 NSTEP =     3500   TIME(PS) =       7.000  TEMP(K) =    81.02  PRESS =     0.0
 Etot   =   -147897.1952  EKtot   =      6932.6680  EPtot      =   -154829.8631
 BOND   =       212.2109  ANGLE   =       709.1421  DIHED      =      2259.5292
 1-4 NB =       620.9076  1-4 EEL =      8165.5909  VDWAALS    =     27773.4739
 EELEC  =   -194570.7179  EHBOND  =         0.0000  RESTRAINT  =         0.0000
 Ewald error estimate:   0.2608E-03
 ------------------------------------------------------------------------------

 NMR restraints: Bond =    0.000   Angle =     0.000   Torsion =     0.000
===============================================================================

 NSTEP =     4000   TIME(PS) =       8.000  TEMP(K) =    93.64  PRESS =     0.0
 Etot   =   -145909.2818  EKtot   =      8012.1283  EPtot      =   -153921.4101
 BOND   =       241.0986  ANGLE   =       746.7008  DIHED      =      2250.2032
 1-4 NB =       615.0744  1-4 EEL =      8157.8827  VDWAALS    =     27366.7069
 EELEC  =   -193299.0766  EHBOND  =         0.0000  RESTRAINT  =         0.0000
 Ewald error estimate:   0.2899E-03
 ------------------------------------------------------------------------------

 NMR restraints: Bond =    0.000   Angle =     0.000   Torsion =     0.000
===============================================================================

 NSTEP =     4500   TIME(PS) =       9.000  TEMP(K) =   105.82  PRESS =     0.0
 Etot   =   -144004.2529  EKtot   =      9054.1814  EPtot      =   -153058.4344
 BOND   =       253.1817  ANGLE   =       821.9990  DIHED      =      2265.2931
 1-4 NB =       620.0693  1-4 EEL =      8194.2221  VDWAALS    =     26834.8185
 EELEC  =   -192048.0181  EHBOND  =         0.0000  RESTRAINT  =         0.0000
 Ewald error estimate:   0.3356E-03
 ------------------------------------------------------------------------------

 NMR restraints: Bond =    0.000   Angle =     0.000   Torsion =     0.000
===============================================================================

 NSTEP =     5000   TIME(PS) =      10.000  TEMP(K) =   118.30  PRESS =     0.0
 Etot   =   -142052.6704  EKtot   =     10122.5548  EPtot      =   -152175.2252
 BOND   =       282.3952  ANGLE   =       850.2805  DIHED      =      2285.1833
 1-4 NB =       622.0858  1-4 EEL =      8132.1247  VDWAALS    =     26436.1852
 EELEC  =   -190783.4799  EHBOND  =         0.0000  RESTRAINT  =         0.0000
 Ewald error estimate:   0.3617E-03
 ------------------------------------------------------------------------------

 NMR restraints: Bond =    0.000   Angle =     0.000   Torsion =     0.000
===============================================================================

 NSTEP =     5500   TIME(PS) =      11.000  TEMP(K) =   130.38  PRESS =     0.0
 Etot   =   -140033.7356  EKtot   =     11155.7017  EPtot      =   -151189.4373
 BOND   =       290.3967  ANGLE   =       903.2899  DIHED      =      2281.9796
 1-4 NB =       629.0200  1-4 EEL =      8148.0044  VDWAALS    =     26039.7028
 EELEC  =   -189481.8307  EHBOND  =         0.0000  RESTRAINT  =         0.0000
 Ewald error estimate:   0.2069E-03
 ------------------------------------------------------------------------------

 NMR restraints: Bond =    0.000   Angle =     0.000   Torsion =     0.000
===============================================================================

 NSTEP =     6000   TIME(PS) =      12.000  TEMP(K) =   142.88  PRESS =     0.0
 Etot   =   -137801.0433  EKtot   =     12225.1711  EPtot      =   -150026.2144
 BOND   =       311.4744  ANGLE   =       940.8362  DIHED      =      2300.8633
 1-4 NB =       641.0301  1-4 EEL =      8204.0167  VDWAALS    =     25723.2445
 EELEC  =   -188147.6796  EHBOND  =         0.0000  RESTRAINT  =         0.0000
 Ewald error estimate:   0.1880E-03
 ------------------------------------------------------------------------------

 NMR restraints: Bond =    0.000   Angle =     0.000   Torsion =     0.000
===============================================================================

 NSTEP =     6500   TIME(PS) =      13.000  TEMP(K) =   155.71  PRESS =     0.0
 Etot   =   -135524.8528  EKtot   =     13323.3519  EPtot      =   -148848.2046
 BOND   =       325.8907  ANGLE   =       989.9104  DIHED      =      2342.0988
 1-4 NB =       635.7178  1-4 EEL =      8187.0642  VDWAALS    =     25028.4909
 EELEC  =   -186357.3773  EHBOND  =         0.0000  RESTRAINT  =         0.0000
 Ewald error estimate:   0.2331E-03
 ------------------------------------------------------------------------------

 NMR restraints: Bond =    0.000   Angle =     0.000   Torsion =     0.000
===============================================================================

 NSTEP =     7000   TIME(PS) =      14.000  TEMP(K) =   167.05  PRESS =     0.0
 Etot   =   -133319.5688  EKtot   =     14293.7969  EPtot      =   -147613.3657
 BOND   =       367.6036  ANGLE   =      1010.5273  DIHED      =      2328.2682
 1-4 NB =       637.3125  1-4 EEL =      8130.1799  VDWAALS    =     24486.3731
 EELEC  =   -184573.6303  EHBOND  =         0.0000  RESTRAINT  =         0.0000
 Ewald error estimate:   0.1993E-03
 ------------------------------------------------------------------------------

 NMR restraints: Bond =    0.000   Angle =     0.000   Torsion =     0.000
===============================================================================

 NSTEP =     7500   TIME(PS) =      15.000  TEMP(K) =   178.11  PRESS =     0.0
 Etot   =   -130939.5538  EKtot   =     15239.9468  EPtot      =   -146179.5006
 BOND   =       358.9705  ANGLE   =      1085.9184  DIHED      =      2342.7485
 1-4 NB =       645.6832  1-4 EEL =      8175.1933  VDWAALS    =     24081.0783
 EELEC  =   -182869.0927  EHBOND  =         0.0000  RESTRAINT  =         0.0000
 Ewald error estimate:   0.1963E-03
 ------------------------------------------------------------------------------

 NMR restraints: Bond =    0.000   Angle =     0.000   Torsion =     0.000
===============================================================================

 NSTEP =     8000   TIME(PS) =      16.000  TEMP(K) =   191.60  PRESS =     0.0
 Etot   =   -128594.1691  EKtot   =     16394.4894  EPtot      =   -144988.6586
 BOND   =       388.1960  ANGLE   =      1109.4369  DIHED      =      2363.9483
 1-4 NB =       637.5452  1-4 EEL =      8126.1123  VDWAALS    =     23610.4971
 EELEC  =   -181224.3944  EHBOND  =         0.0000  RESTRAINT  =         0.0000
 Ewald error estimate:   0.1534E-03
 ------------------------------------------------------------------------------

 NMR restraints: Bond =    0.000   Angle =     0.000   Torsion =     0.000
===============================================================================

 NSTEP =     8500   TIME(PS) =      17.000  TEMP(K) =   204.05  PRESS =     0.0
 Etot   =   -125912.1111  EKtot   =     17459.3025  EPtot      =   -143371.4136
 BOND   =       429.4725  ANGLE   =      1201.4036  DIHED      =      2402.3857
 1-4 NB =       647.7808  1-4 EEL =      8123.7968  VDWAALS    =     23037.2860
 EELEC  =   -179213.5391  EHBOND  =         0.0000  RESTRAINT  =         0.0000
 Ewald error estimate:   0.1598E-03
 ------------------------------------------------------------------------------

 NMR restraints: Bond =    0.000   Angle =     0.000   Torsion =     0.000
===============================================================================

 NSTEP =     9000   TIME(PS) =      18.000  TEMP(K) =   214.60  PRESS =     0.0
 Etot   =   -123494.7614  EKtot   =     18361.9819  EPtot      =   -141856.7434
 BOND   =       432.1862  ANGLE   =      1240.2009  DIHED      =      2370.6877
 1-4 NB =       662.2596  1-4 EEL =      8129.9200  VDWAALS    =     22433.8779
 EELEC  =   -177125.8756  EHBOND  =         0.0000  RESTRAINT  =         0.0000
 Ewald error estimate:   0.3774E-04
 ------------------------------------------------------------------------------

 NMR restraints: Bond =    0.000   Angle =     0.000   Torsion =     0.000
===============================================================================

 NSTEP =     9500   TIME(PS) =      19.000  TEMP(K) =   227.94  PRESS =     0.0
 Etot   =   -120449.1842  EKtot   =     19503.9230  EPtot      =   -139953.1072
 BOND   =       448.0047  ANGLE   =      1253.6319  DIHED      =      2395.0064
 1-4 NB =       653.5197  1-4 EEL =      8142.4315  VDWAALS    =     21782.5417
 EELEC  =   -174628.2432  EHBOND  =         0.0000  RESTRAINT  =         0.0000
 Ewald error estimate:   0.3043E-04
 ------------------------------------------------------------------------------

 NMR restraints: Bond =    0.000   Angle =     0.000   Torsion =     0.000
===============================================================================

 NSTEP =    10000   TIME(PS) =      20.000  TEMP(K) =   238.91  PRESS =     0.0
 Etot   =   -117281.5207  EKtot   =     20441.9901  EPtot      =   -137723.5109
 BOND   =       479.8123  ANGLE   =      1295.0278  DIHED      =      2392.1981
 1-4 NB =       674.6917  1-4 EEL =      8136.7081  VDWAALS    =     20650.2783
 EELEC  =   -171352.2272  EHBOND  =         0.0000  RESTRAINT  =         0.0000
 Ewald error estimate:   0.1072E-03
 ------------------------------------------------------------------------------

 NMR restraints: Bond =    0.000   Angle =     0.000   Torsion =     0.000
===============================================================================

 NSTEP =    10500   TIME(PS) =      21.000  TEMP(K) =   251.74  PRESS =     0.0
 Etot   =   -114068.3525  EKtot   =     21539.9784  EPtot      =   -135608.3310
 BOND   =       478.6486  ANGLE   =      1408.6525  DIHED      =      2408.7056
 1-4 NB =       662.3769  1-4 EEL =      8165.5922  VDWAALS    =     19997.7660
 EELEC  =   -168730.0729  EHBOND  =         0.0000  RESTRAINT  =         0.0000
 Ewald error estimate:   0.1319E-04
 ------------------------------------------------------------------------------

 NMR restraints: Bond =    0.000   Angle =     0.000   Torsion =     0.000
===============================================================================

 NSTEP =    11000   TIME(PS) =      22.000  TEMP(K) =   264.13  PRESS =     0.0
 Etot   =   -110445.9025  EKtot   =     22600.2324  EPtot      =   -133046.1349
 BOND   =       500.0235  ANGLE   =      1393.9567  DIHED      =      2429.6632
 1-4 NB =       663.5069  1-4 EEL =      8109.1450  VDWAALS    =     18825.4400
 EELEC  =   -164967.8702  EHBOND  =         0.0000  RESTRAINT  =         0.0000
 Ewald error estimate:   0.7542E-04
 ------------------------------------------------------------------------------

 NMR restraints: Bond =    0.000   Angle =     0.000   Torsion =     0.000
===============================================================================

 NSTEP =    11500   TIME(PS) =      23.000  TEMP(K) =   275.94  PRESS =     0.0
 Etot   =   -107313.3702  EKtot   =     23610.2611  EPtot      =   -130923.6313
 BOND   =       526.9924  ANGLE   =      1418.0627  DIHED      =      2436.7482
 1-4 NB =       653.8117  1-4 EEL =      8136.2449  VDWAALS    =     18144.1475
 EELEC  =   -162239.6387  EHBOND  =         0.0000  RESTRAINT  =         0.0000
 Ewald error estimate:   0.2758E-04
 ------------------------------------------------------------------------------

 NMR restraints: Bond =    0.000   Angle =     0.000   Torsion =     0.000
===============================================================================

 NSTEP =    12000   TIME(PS) =      24.000  TEMP(K) =   286.98  PRESS =     0.0
 Etot   =   -103963.5063  EKtot   =     24555.6779  EPtot      =   -128519.1842
 BOND   =       550.5448  ANGLE   =      1477.9308  DIHED      =      2434.5294
 1-4 NB =       655.1342  1-4 EEL =      8090.7830  VDWAALS    =     17565.2342
 EELEC  =   -159293.3406  EHBOND  =         0.0000  RESTRAINT  =         0.0000
 Ewald error estimate:   0.7997E-04
 ------------------------------------------------------------------------------

 NMR restraints: Bond =    0.000   Angle =     0.000   Torsion =     0.000
===============================================================================

 NSTEP =    12500   TIME(PS) =      25.000  TEMP(K) =   296.09  PRESS =     0.0
 Etot   =   -101704.5727  EKtot   =     25334.3692  EPtot      =   -127038.9419
 BOND   =       550.6927  ANGLE   =      1518.9245  DIHED      =      2467.2919
 1-4 NB =       671.5834  1-4 EEL =      8094.6232  VDWAALS    =     16992.4193
 EELEC  =   -157334.4768  EHBOND  =         0.0000  RESTRAINT  =         0.0000
 Ewald error estimate:   0.5910E-05
 ------------------------------------------------------------------------------

 NMR restraints: Bond =    0.000   Angle =     0.000   Torsion =     0.000
===============================================================================

 NSTEP =    13000   TIME(PS) =      26.000  TEMP(K) =   297.06  PRESS =     0.0
 Etot   =   -101210.9333  EKtot   =     25418.1416  EPtot      =   -126629.0749
 BOND   =       563.8165  ANGLE   =      1530.2148  DIHED      =      2451.0243
 1-4 NB =       685.1019  1-4 EEL =      8115.5502  VDWAALS    =     16515.1482
 EELEC  =   -156489.9307  EHBOND  =         0.0000  RESTRAINT  =         0.0000
 Ewald error estimate:   0.4712E-04
 ------------------------------------------------------------------------------

 NMR restraints: Bond =    0.000   Angle =     0.000   Torsion =     0.000
===============================================================================

 NSTEP =    13500   TIME(PS) =      27.000  TEMP(K) =   298.27  PRESS =     0.0
 Etot   =   -100791.6791  EKtot   =     25521.2052  EPtot      =   -126312.8843
 BOND   =       573.6653  ANGLE   =      1509.4949  DIHED      =      2460.3992
 1-4 NB =       682.6807  1-4 EEL =      8039.1239  VDWAALS    =     16383.1379
 EELEC  =   -155961.3863  EHBOND  =         0.0000  RESTRAINT  =         0.0000
 Ewald error estimate:   0.8412E-04
 ------------------------------------------------------------------------------

 NMR restraints: Bond =    0.000   Angle =     0.000   Torsion =     0.000
===============================================================================

 NSTEP =    14000   TIME(PS) =      28.000  TEMP(K) =   295.19  PRESS =     0.0
 Etot   =   -100576.5188  EKtot   =     25257.8917  EPtot      =   -125834.4106
 BOND   =       569.3768  ANGLE   =      1463.9756  DIHED      =      2435.9585
 1-4 NB =       686.3376  1-4 EEL =      8122.1247  VDWAALS    =     16169.2887
 EELEC  =   -155281.4725  EHBOND  =         0.0000  RESTRAINT  =         0.0000
 Ewald error estimate:   0.7399E-04
 ------------------------------------------------------------------------------

 NMR restraints: Bond =    0.000   Angle =     0.000   Torsion =     0.000
===============================================================================

 NSTEP =    14500   TIME(PS) =      29.000  TEMP(K) =   298.83  PRESS =     0.0
 Etot   =   -100451.8539  EKtot   =     25569.2216  EPtot      =   -126021.0755
 BOND   =       586.6844  ANGLE   =      1535.1901  DIHED      =      2442.4012
 1-4 NB =       667.9776  1-4 EEL =      8110.4016  VDWAALS    =     16444.0404
 EELEC  =   -155807.7707  EHBOND  =         0.0000  RESTRAINT  =         0.0000
 Ewald error estimate:   0.1446E-04
 ------------------------------------------------------------------------------

 NMR restraints: Bond =    0.000   Angle =     0.000   Torsion =     0.000
===============================================================================

 NSTEP =    15000   TIME(PS) =      30.000  TEMP(K) =   299.63  PRESS =     0.0
 Etot   =   -100710.1421  EKtot   =     25638.0689  EPtot      =   -126348.2110
 BOND   =       568.2030  ANGLE   =      1525.7230  DIHED      =      2451.4352
 1-4 NB =       680.2272  1-4 EEL =      8060.1001  VDWAALS    =     16210.1605
 EELEC  =   -155844.0600  EHBOND  =         0.0000  RESTRAINT  =         0.0000
 Ewald error estimate:   0.3377E-04
 ------------------------------------------------------------------------------

 NMR restraints: Bond =    0.000   Angle =     0.000   Torsion =     0.000
===============================================================================

      A V E R A G E S   O V E R   15000 S T E P S


 NSTEP =    15000   TIME(PS) =      30.000  TEMP(K) =   173.46  PRESS =     0.0
 Etot   =   -128869.9214  EKtot   =     14841.7201  EPtot      =   -143711.6415
 BOND   =       366.2173  ANGLE   =      1058.2967  DIHED      =      2336.0152
 1-4 NB =       640.5116  1-4 EEL =      8141.1484  VDWAALS    =     23225.8363
 EELEC  =   -179479.6670  EHBOND  =         0.0000  RESTRAINT  =         0.0000
 Ewald error estimate:   0.1707E-03
 ------------------------------------------------------------------------------

 NMR restraints: Bond =    0.000   Angle =     0.000   Torsion =     0.000
===============================================================================

      R M S  F L U C T U A T I O N S


 NSTEP =    15000   TIME(PS) =      30.000  TEMP(K) =    97.00  PRESS =     0.0
 Etot   =     19804.7491  EKtot   =      8299.9779  EPtot      =     11627.3671
 BOND   =       159.9149  ANGLE   =       367.2370  DIHED      =        94.6892
 1-4 NB =        25.3793  1-4 EEL =        31.7289  VDWAALS    =      4565.0984
 EELEC  =     15580.1759  EHBOND  =         0.0000  RESTRAINT  =         0.0000
 Ewald error estimate:   0.1094E-03
 ------------------------------------------------------------------------------


 NMR restraints on final step:


--------------------------------------------------------------------------------
   5.  TIMINGS
--------------------------------------------------------------------------------

|>>>>>>>>PROFILE of Average TIMES>>>>>>>>> 
|                Build the list            11.99 (46.99% of List )
|                Other                     13.52 (53.01% of List )
|             List time                 25.51 (12.58% of Nonbo)
|                   Short_ene time            77.25 (77.77% of Direc)
|                   Other                     22.08 (22.23% of Direc)
|                Direct Ewald time         99.32 (56.06% of Ewald)
|                Adjust Ewald time          0.81 ( 0.46% of Ewald)
|                   Fill Bspline coeffs        8.43 (16.92% of Recip)
|                   Fill charge grid           2.73 ( 5.47% of Recip)
|                   Scalar sum                 2.96 ( 5.94% of Recip)
|                   Grad sum                   4.70 ( 9.42% of Recip)
|                      FFT back comm time        10.49 (36.25% of FFT t)
|                      Other                     18.46 (63.75% of FFT t)
|                   FFT time                  28.95 (58.10% of Recip)
|                   Other                      2.07 ( 4.14% of Recip)
|                Recip Ewald time          49.83 (28.12% of Ewald)
|                Force Adjust              16.35 ( 9.23% of Ewald)
|                Virial junk               10.36 ( 5.85% of Ewald)
|                Start synchronizatio       0.03 ( 0.01% of Ewald)
|                Other                      0.46 ( 0.26% of Ewald)
|             Ewald time               177.17 (87.39% of Nonbo)
|             Other                      0.04 ( 0.02% of Nonbo)
|          Nonbond force            202.73 (78.07% of Force)
|          Bond/Angle/Dihedral        1.08 ( 0.42% of Force)
|          FRC Collect time          46.54 (17.92% of Force)
|          Other                      9.31 ( 3.59% of Force)
|       Force time               259.66 (84.91% of Runmd)
|       Shake time                 2.71 ( 0.89% of Runmd)
|       Verlet update time         6.35 ( 2.08% of Runmd)
|       CRD distribute time       16.93 ( 5.53% of Runmd)
|       Other                     20.16 ( 6.59% of Runmd)
|    Runmd Time               305.81 (99.83% of Total)
|    Other                      0.52 ( 0.17% of Total)
| Total time               306.33 (100.0% of ALL  )

| Number of list builds   :       1115

| Highest rstack allocated:     123313
| Highest istack allocated:       3525

| Final Performance Info:
| -----------------------------------------------------
| Average timings for all steps:
|     Elapsed(s) =     305.87 Per Step(ms) =      20.39
|         ns/day =       8.47   seconds/ns =   10195.55
| -----------------------------------------------------

|           Job began  at 12:08:46.455  on 06/04/2020
|           Setup done at 12:08:46.982  on 06/04/2020
|           Run   done at 12:13:52.848  on 06/04/2020
|     wallclock() was called  827317 times
