            --------------------------------------------------------
                             AMBER SQM VERSION 19
 
                                     By
              Ross C. Walker, Michael F. Crowley, Scott Brozell,
                         Tim Giese, Andreas W. Goetz,
                        Tai-Sung Lee and David A. Case
 
            --------------------------------------------------------
 

--------------------------------------------------------------------------------
  QM CALCULATION INFO
--------------------------------------------------------------------------------

| QMMM: Citation for AMBER QMMM Run:
| QMMM: R.C. Walker, M.F. Crowley and D.A. Case, J. COMP. CHEM. 29:1019, 2008

QMMM: SINGLET STATE CALCULATION
QMMM: RHF CALCULATION, NO. OF DOUBLY OCCUPIED LEVELS = 83

| QMMM: *** Selected Hamiltonian *** 
| QMMM: AM1         

| QMMM: *** Parameter sets in use ***
| QMMM: O : M.J.S.DEWAR et al. JACS, 107, 3902, (1985)
| QMMM: C : M.J.S.DEWAR et al. JACS, 107, 3902, (1985)
| QMMM: H : M.J.S.DEWAR et al. JACS, 107, 3902, (1985)

| QMMM: *** SCF convergence criteria ***
| QMMM: Energy change                :  0.1D-09 kcal/mol
| QMMM: Error matrix |FP-PF|         :  0.1D+00 au
| QMMM: Density matrix change        :  0.5D-06
| QMMM: Maximum number of SCF cycles :     1000

| QMMM: *** Diagonalization Routine Information ***
| QMMM: Pseudo diagonalizations are allowed.
| QMMM: Auto diagonalization routine selection is in use.
| QMMM:
| QMMM: Timing diagonalization routines:
| QMMM:                              norbs =      160
| QMMM:    diag iterations used for timing =        5
| QMMM:
| QMMM:              Internal diag routine = 0.041930 seconds
| QMMM:                 Dspev diag routine = 1.442586 seconds
| QMMM:                Dspevd diag routine = 0.036852 seconds
| QMMM:                Dspevx diag routine = 0.092342 seconds
| QMMM:                 Dsyev diag routine = 0.039074 seconds
| QMMM:                Dsyevd diag routine = 0.024750 seconds
| QMMM:                Dsyevr diag routine = 0.631824 seconds
| QMMM:
| QMMM:                Pseudo diag routine = 0.011383 seconds
| QMMM:
| QMMM: Using dsyevd routine (diag_routine=6).

  QMMM: QM Region Cartesian Coordinates (*=link atom) 
  QMMM: QM_NO.   MM_NO.  ATOM         X         Y         Z
  QMMM:     1        1      O       17.0960   18.1590   34.7840
  QMMM:     2        2      O       13.1260   17.4540   36.5350
  QMMM:     3        3      C       14.1810   18.0370   35.6980
  QMMM:     4        4      C       14.9150   16.9590   34.7840
  QMMM:     5        5      C       16.0750   17.6280   33.8850
  QMMM:     6        6      C       15.4830   18.8070   32.9870
  QMMM:     7        7      C       14.6780   19.8850   33.7870
  QMMM:     8        8      C       14.8630   21.2550   33.6570
  QMMM:     9        9      C       14.2010   22.4150   34.3140
  QMMM:    10       10      C       13.9860   23.6240   33.8520
  QMMM:    11       11      C       14.4350   24.1110   32.3790
  QMMM:    12       12      C       13.6010   19.1950   34.7730
  QMMM:    13       13      C       13.1870   24.6460   31.4910
  QMMM:    14       14      C       12.2310   25.5920   32.3910
  QMMM:    15       15      C       11.8140   25.1290   33.9600
  QMMM:    16       16      C       13.2500   24.7290   34.6670
  QMMM:    17       17      C       12.6990   24.3720   36.2220
  QMMM:    18       18      C       11.4750   25.3840   36.3800
  QMMM:    19       19      C       11.4180   26.1800   35.0200
  QMMM:    20       20      C       10.7870   23.7830   33.6420
  QMMM:    21       21      C       12.2570   19.5560   34.8130
  QMMM:    22       22      C        9.9380   26.8860   34.7250
  QMMM:    23       23      C        8.6080   26.1550   35.0790
  QMMM:    24       24      C        6.1080   25.6110   34.6940
  QMMM:    25       25      C        9.8650   28.2480   35.4480
  QMMM:    26       26      C        5.5480   24.5800   33.5850
  QMMM:    27       27      C        5.0380   25.5240   32.4720
  QMMM:    28       28      C        4.2940   24.3490   33.2310
  QMMM:    29       29      O        5.2530   26.7520   34.9730
  QMMM:    30       30      C        7.5040   26.0930   34.2820
  QMMM:    31       31      H       14.9270   18.4790   36.3590
  QMMM:    32       32      H       15.3600   16.1970   35.4250
  QMMM:    33       33      H       14.1820   16.4890   34.1280
  QMMM:    34       34      H       16.5180   16.8690   33.2410
  QMMM:    35       35      H       14.8190   18.3680   32.2430
  QMMM:    36       36      H       16.3070   19.3000   32.4710
  QMMM:    37       37      H       15.6290   21.5300   32.9480
  QMMM:    38       38      H       13.8460   22.2350   35.3180
  QMMM:    39       39      H       14.8980   23.2720   31.8600
  QMMM:    40       40      H       15.1670   24.9120   32.4790
  QMMM:    41       41      H       13.5660   25.2180   30.6440
  QMMM:    42       42      H       12.6130   23.7950   31.1250
  QMMM:    43       43      H       12.7310   26.5570   32.4710
  QMMM:    44       44      H       11.3050   25.7460   31.8370
  QMMM:    45       45      H       13.8820   25.6160   34.7110
  QMMM:    46       46      H       12.3690   23.3360   36.2970
  QMMM:    47       47      H       13.4710   24.5840   36.9620
  QMMM:    48       48      H       10.5460   24.8370   36.5420
  QMMM:    49       49      H       11.6580   26.0680   37.2090
  QMMM:    50       50      H       12.1790   26.9600   35.0400
  QMMM:    51       51      H        9.9020   27.0980   33.6560
  QMMM:    52       52      H        8.5570   25.6560   36.0350
  QMMM:    53       53      H        6.2200   25.0550   35.6250
  QMMM:    54       54      H        6.2640   23.8270   33.2560
  QMMM:    55       55      H        4.8060   26.5700   32.6730
  QMMM:    56       56      H        5.3790   25.2980   31.4620
  QMMM:    57       57      H        4.0500   23.4340   32.6920
  QMMM:    58       58      H        3.5450   24.6700   33.9550
  QMMM:    59       59      H        7.6250   26.4160   33.2580
  QMMM:    60       60      H       11.5820   19.0520   35.4890
  QMMM:    61       61      H       11.8890   20.3400   34.1680
  QMMM:    62       62      H       10.7710   28.8180   35.2430
  QMMM:    63       63      H        9.7740   28.0850   36.5220
  QMMM:    64       64      H        8.9980   28.8030   35.0900
  QMMM:    65       65      H       17.7980   18.5630   34.2690
  QMMM:    66       66      H       12.7500   18.1360   37.0970
  QMMM:    67       67      H        5.4280   27.0740   35.8600
  QMMM:    68       68      H       10.4300   23.3670   34.5840
  QMMM:    69       69      H       11.3450   23.0210   33.0970
  QMMM:    70       70      H        9.9360   24.1080   33.0430

--------------------------------------------------------------------------------
  RESULTS
--------------------------------------------------------------------------------

      iter         sqm energy              rms gradient
      ----    -------------------    -----------------------
xmin    10     -107.4584 kcal/mol        1.4811 kcal/(mol*A)
xmin    20     -108.2374 kcal/mol        0.2130 kcal/(mol*A)
xmin    30     -108.3588 kcal/mol        0.0489 kcal/(mol*A)
xmin    40     -108.4884 kcal/mol        0.2073 kcal/(mol*A)
xmin    50     -108.6300 kcal/mol        0.1103 kcal/(mol*A)
xmin    60     -108.6801 kcal/mol        0.1266 kcal/(mol*A)
xmin    70     -108.7493 kcal/mol        0.0964 kcal/(mol*A)
xmin    80     -108.7708 kcal/mol        0.0418 kcal/(mol*A)
xmin    90     -108.7780 kcal/mol        0.0164 kcal/(mol*A)
xmin   100     -108.7902 kcal/mol        0.0696 kcal/(mol*A)
xmin   110     -108.7949 kcal/mol        0.0115 kcal/(mol*A)
xmin   120     -108.7968 kcal/mol        0.0050 kcal/(mol*A)
xmin   130     -108.7968 kcal/mol        0.0021 kcal/(mol*A)
xmin   140     -108.7969 kcal/mol        0.0011 kcal/(mol*A)
xmin   150     -108.7969 kcal/mol        0.0018 kcal/(mol*A)
xmin   160     -108.7969 kcal/mol        0.0013 kcal/(mol*A)
xmin   170     -108.7969 kcal/mol        0.0014 kcal/(mol*A)
  ... geometry converged !
 
 Final MO eigenvalues (eV):
 -41.6608  -40.5555  -39.8312  -37.9494  -37.8426  -36.6976  -36.4541  -35.1615
 -34.3459  -32.5644  -32.3290  -31.9049  -30.6300  -29.0839  -27.8945  -27.4985
 -27.1057  -26.7412  -24.9381  -23.7387  -23.0376  -22.4784  -22.2990  -21.9985
 -21.6436  -20.8103  -20.4185  -19.2129  -18.9106  -18.3342  -18.2828  -18.0136
 -17.4281  -16.7870  -16.6309  -16.4466  -16.2112  -16.0867  -15.8347  -15.7421
 -15.7298  -15.4801  -15.2484  -15.0688  -14.7895  -14.6929  -14.5418  -14.4008
 -13.9180  -13.8619  -13.7649  -13.6169  -13.5195  -13.4147  -13.2085  -13.0638
 -13.0407  -12.8452  -12.7521  -12.6348  -12.5832  -12.5251  -12.3332  -12.2332
 -12.0626  -12.0030  -11.8757  -11.7591  -11.7215  -11.6623  -11.4851  -11.3720
 -11.3101  -11.2504  -11.2178  -11.0522  -10.9174  -10.8649  -10.7616  -10.5572
 -10.0254   -9.8580   -8.5992    0.0343    0.9945    1.1850    2.1139    3.0265
   3.2061    3.2415    3.3345    3.4021    3.4678    3.5098    3.5613    3.6045
   3.7076    3.7496    3.7754    3.8024    3.8096    3.8612    3.9131    3.9434
   4.0241    4.0623    4.0849    4.1067    4.1477    4.1849    4.2026    4.2288
   4.2983    4.3311    4.3420    4.3819    4.3991    4.4377    4.4629    4.4704
   4.5177    4.5379    4.5796    4.6323    4.6585    4.7140    4.7370    4.7664
   4.7973    4.8303    4.8469    4.8516    4.8735    4.9028    4.9065    4.9435
   4.9662    4.9984    5.0159    5.0207    5.0321    5.1236    5.1353    5.1681
   5.2247    5.2782    5.2925    5.3472    5.3709    5.4166    5.4695    5.4805
   5.6483    5.6605    5.7342    5.7655    6.0544    6.2585    6.3305    6.3437


 Heat of formation   =       -108.79694881 kcal/mol  (       -4.71778972 eV)

 Total SCF energy    =    -114592.40884957 kcal/mol  (    -4969.09972896 eV)
 Electronic energy   =   -1050618.02016321 kcal/mol  (   -45558.21604281 eV)
 Core-core repulsion =     936025.61131364 kcal/mol  (    40589.11631385 eV)
 
    Atomic Charges for Step       1 :
  Atom    Element       Mulliken Charge
     1      O                 -0.326
     2      O                 -0.323
     3      C                  0.064
     4      C                 -0.145
     5      C                  0.035
     6      C                 -0.157
     7      C                 -0.066
     8      C                 -0.118
     9      C                 -0.148
    10      C                 -0.070
    11      C                 -0.127
    12      C                 -0.108
    13      C                 -0.151
    14      C                 -0.144
    15      C                 -0.043
    16      C                 -0.080
    17      C                 -0.151
    18      C                 -0.155
    19      C                 -0.091
    20      C                 -0.203
    21      C                 -0.204
    22      C                 -0.070
    23      C                 -0.134
    24      C                  0.090
    25      C                 -0.207
    26      C                 -0.172
    27      C                 -0.193
    28      C                 -0.203
    29      O                 -0.327
    30      C                 -0.218
    31      H                  0.100
    32      H                  0.112
    33      H                  0.102
    34      H                  0.074
    35      H                  0.103
    36      H                  0.084
    37      H                  0.121
    38      H                  0.131
    39      H                  0.085
    40      H                  0.087
    41      H                  0.078
    42      H                  0.084
    43      H                  0.078
    44      H                  0.083
    45      H                  0.095
    46      H                  0.085
    47      H                  0.084
    48      H                  0.083
    49      H                  0.080
    50      H                  0.085
    51      H                  0.092
    52      H                  0.124
    53      H                  0.077
    54      H                  0.123
    55      H                  0.126
    56      H                  0.103
    57      H                  0.104
    58      H                  0.119
    59      H                  0.135
    60      H                  0.119
    61      H                  0.123
    62      H                  0.075
    63      H                  0.076
    64      H                  0.077
    65      H                  0.199
    66      H                  0.199
    67      H                  0.201
    68      H                  0.075
    69      H                  0.081
    70      H                  0.081
 Total Mulliken Charge =       0.000
 
                  X        Y        Z     TOTAL  
  QM DIPOLE     1.255    2.532   -0.821    2.943
 
 Final Structure

  QMMM: QM Region Cartesian Coordinates (*=link atom) 
  QMMM: QM_NO.   MM_NO.  ATOM         X         Y         Z
  QMMM:     1        1      O       16.5342   18.1563   34.2648
  QMMM:     2        2      O       13.0911   17.7823   36.6219
  QMMM:     3        3      C       13.9370   18.3670   35.6404
  QMMM:     4        4      C       14.4114   17.2239   34.7466
  QMMM:     5        5      C       15.3208   17.7486   33.6435
  QMMM:     6        6      C       14.6611   18.8750   32.8499
  QMMM:     7        7      C       14.0454   19.9302   33.7077
  QMMM:     8        8      C       14.2205   21.2358   33.4179
  QMMM:     9        9      C       13.6788   22.3315   34.1874
  QMMM:    10       10      C       13.5557   23.6014   33.7649
  QMMM:    11       11      C       13.9645   24.0995   32.4154
  QMMM:    12       12      C       13.2459   19.4306   34.8281
  QMMM:    13       13      C       12.9443   25.0140   31.7557
  QMMM:    14       14      C       12.3552   26.0654   32.6795
  QMMM:    15       15      C       11.8511   25.4245   33.9625
  QMMM:    16       16      C       13.0546   24.7025   34.6280
  QMMM:    17       17      C       12.5809   24.4463   36.0530
  QMMM:    18       18      C       11.6803   25.6416   36.3842
  QMMM:    19       19      C       11.4565   26.4181   35.0760
  QMMM:    20       20      C       10.7240   24.4543   33.6601
  QMMM:    21       21      C       12.0110   19.8687   35.0947
  QMMM:    22       22      C       10.1011   27.0976   34.9298
  QMMM:    23       23      C        8.9183   26.2070   35.1001
  QMMM:    24       24      C        6.6919   25.3072   34.4371
  QMMM:    25       25      C       10.0000   28.2446   35.9255
  QMMM:    26       26      C        6.8552   24.0524   33.6151
  QMMM:    27       27      C        6.1603   23.8874   32.2903
  QMMM:    28       28      C        5.7029   23.0935   33.4768
  QMMM:    29       29      O        5.4933   25.9631   34.0279
  QMMM:    30       30      C        7.8771   26.2070   34.2633
  QMMM:    31       31      H       14.8337   18.8342   36.1454
  QMMM:    32       32      H       14.9677   16.4810   35.3739
  QMMM:    33       33      H       13.5304   16.7097   34.2865
  QMMM:    34       34      H       15.5599   16.9052   32.9306
  QMMM:    35       35      H       13.8506   18.4234   32.2145
  QMMM:    36       36      H       15.4196   19.3269   32.1565
  QMMM:    37       37      H       14.8427   21.5093   32.5467
  QMMM:    38       38      H       13.3563   22.0705   35.2135
  QMMM:    39       39      H       14.1647   23.2433   31.7187
  QMMM:    40       40      H       14.9318   24.6608   32.5406
  QMMM:    41       41      H       13.4375   25.5282   30.8884
  QMMM:    42       42      H       12.1108   24.3890   31.3377
  QMMM:    43       43      H       13.1343   26.8344   32.9235
  QMMM:    44       44      H       11.5135   26.5910   32.1581
  QMMM:    45       45      H       13.9023   25.4511   34.6957
  QMMM:    46       46      H       11.9999   23.4928   36.1181
  QMMM:    47       47      H       13.4416   24.3739   36.7604
  QMMM:    48       48      H       10.7160   25.2876   36.8217
  QMMM:    49       49      H       12.1662   26.3060   37.1409
  QMMM:    50       50      H       12.2192   27.2518   35.0454
  QMMM:    51       51      H       10.0750   27.5339   33.8868
  QMMM:    52       52      H        8.9293   25.5524   35.9870
  QMMM:    53       53      H        6.5811   25.0123   35.5232
  QMMM:    54       54      H        7.8791   23.6401   33.7259
  QMMM:    55       55      H        5.5202   24.7113   31.9251
  QMMM:    56       56      H        6.6967   23.3772   31.4713
  QMMM:    57       57      H        5.9054   22.0091   33.5155
  QMMM:    58       58      H        4.7401   23.3588   33.9498
  QMMM:    59       59      H        7.8373   26.8543   33.3728
  QMMM:    60       60      H       11.4081   19.4596   35.9162
  QMMM:    61       61      H       11.5246   20.6487   34.4939
  QMMM:    62       62      H       10.8108   28.9895   35.7414
  QMMM:    63       63      H       10.0991   27.8612   36.9695
  QMMM:    64       64      H        9.0146   28.7588   35.8244
  QMMM:    65       65      H       17.0391   18.6482   33.6071
  QMMM:    66       66      H       12.8879   18.4761   37.2600
  QMMM:    67       67      H        5.4636   26.8014   34.5033
  QMMM:    68       68      H       10.2689   24.0786   34.6094
  QMMM:    69       69      H       11.1044   23.5762   33.0838
  QMMM:    70       70      H        9.9276   24.9617   33.0626

           --------- Calculation Completed ----------

